ARM GAS  /tmp/ccMLtaNP.s 			page 1


   1              		.cpu cortex-m4
   2              		.arch armv7e-m
   3              		.fpu fpv4-sp-d16
   4              		.eabi_attribute 27, 1
   5              		.eabi_attribute 28, 1
   6              		.eabi_attribute 20, 1
   7              		.eabi_attribute 21, 1
   8              		.eabi_attribute 23, 3
   9              		.eabi_attribute 24, 1
  10              		.eabi_attribute 25, 1
  11              		.eabi_attribute 26, 1
  12              		.eabi_attribute 30, 1
  13              		.eabi_attribute 34, 1
  14              		.eabi_attribute 18, 4
  15              		.file	"rtcObject.cpp"
  16              		.text
  17              	.Ltext0:
  18              		.cfi_sections	.debug_frame
  19              		.file 1 "Intermediate/Src/rtcObject.cpp"
  20              		.section	.text._ZN9rtcObject3irqEv,"ax",%progbits
  21              		.align	1
  22              		.global	_ZN9rtcObject3irqEv
  23              		.syntax unified
  24              		.thumb
  25              		.thumb_func
  27              	_ZN9rtcObject3irqEv:
  28              		.fnstart
  29              	.LVL0:
  30              	.LFB602:
   1:Intermediate/Src/rtcObject.cpp **** #include "rtcObject.h"
   2:Intermediate/Src/rtcObject.cpp **** 
   3:Intermediate/Src/rtcObject.cpp **** void rtcObject::irq() {
  31              		.loc 1 3 23 view -0
  32              		.cfi_startproc
  33              		@ args = 0, pretend = 0, frame = 0
  34              		@ frame_needed = 0, uses_anonymous_args = 0
  35              		@ link register save eliminated.
   4:Intermediate/Src/rtcObject.cpp ****     setFlag();
  36              		.loc 1 4 5 view .LVU1
  37              	.LBB11:
  38              	.LBI11:
  39              		.file 2 "Intermediate/Inc/interrupt_handler.h"
   1:Intermediate/Inc/interrupt_handler.h **** #pragma once
   2:Intermediate/Inc/interrupt_handler.h **** // Minimal virtual interrupt handler
   3:Intermediate/Inc/interrupt_handler.h **** class InterruptHandler {
   4:Intermediate/Inc/interrupt_handler.h ****     public:
   5:Intermediate/Inc/interrupt_handler.h ****     virtual void irq() = 0;
   6:Intermediate/Inc/interrupt_handler.h **** };
   7:Intermediate/Inc/interrupt_handler.h **** 
   8:Intermediate/Inc/interrupt_handler.h **** // Interrupt handler object with added bells and whistles that make it usable
   9:Intermediate/Inc/interrupt_handler.h **** template <typename T>
  10:Intermediate/Inc/interrupt_handler.h **** class InterruptObject : public InterruptHandler {
  11:Intermediate/Inc/interrupt_handler.h **** public:
  12:Intermediate/Inc/interrupt_handler.h **** 
  13:Intermediate/Inc/interrupt_handler.h ****     // Constructors
  14:Intermediate/Inc/interrupt_handler.h ****     InterruptObject() : _interruptFlag(false), _myErrorHandler(&defaultErrorHandler) {}
  15:Intermediate/Inc/interrupt_handler.h ****     InterruptObject(T& resource) : 
ARM GAS  /tmp/ccMLtaNP.s 			page 2


  16:Intermediate/Inc/interrupt_handler.h ****         _interruptFlag(false), _resource(&resource),
  17:Intermediate/Inc/interrupt_handler.h ****         _myErrorHandler(&(defaultErrorHandler)) {}
  18:Intermediate/Inc/interrupt_handler.h ****     InterruptObject(T& resource, void (*errorHandler)) : 
  19:Intermediate/Inc/interrupt_handler.h ****         _interruptFlag(false), _resource(&resource), _myErrorHandler(&errorHandler)  {}
  20:Intermediate/Inc/interrupt_handler.h **** 
  21:Intermediate/Inc/interrupt_handler.h ****     // "Default" irq behavior is simply to set the flag boolean to true.
  22:Intermediate/Inc/interrupt_handler.h ****     void irq() { setFlag(); }
  23:Intermediate/Inc/interrupt_handler.h **** 
  24:Intermediate/Inc/interrupt_handler.h ****     // IRQ flag boolean management
  25:Intermediate/Inc/interrupt_handler.h ****     inline bool isInterruptFired() { return this->_interruptFlag; }
  26:Intermediate/Inc/interrupt_handler.h ****     void resetFlag() { this->_interruptFlag = false; }
  27:Intermediate/Inc/interrupt_handler.h **** 
  28:Intermediate/Inc/interrupt_handler.h ****     // Resource management
  29:Intermediate/Inc/interrupt_handler.h ****     void setResouce(T& resource) { this->_resource = &resource; }
  30:Intermediate/Inc/interrupt_handler.h ****     T& getResource() { return (*(this->_resource)); }
  31:Intermediate/Inc/interrupt_handler.h **** 
  32:Intermediate/Inc/interrupt_handler.h ****     // Allow the ability to set the error handler after initialization
  33:Intermediate/Inc/interrupt_handler.h ****     void setErrorHandler(void (*errorHandler)) { this->_myErrorHandler = errorHandler; }
  34:Intermediate/Inc/interrupt_handler.h **** 
  35:Intermediate/Inc/interrupt_handler.h **** protected:
  36:Intermediate/Inc/interrupt_handler.h ****     // Protected Constructors (For derived objects)
  37:Intermediate/Inc/interrupt_handler.h ****     // Allow inherited objects to set the _resource pointer directly
  38:Intermediate/Inc/interrupt_handler.h ****     InterruptObject(T* resource) : 
  39:Intermediate/Inc/interrupt_handler.h ****         _interruptFlag(false), _resource(resource),
  40:Intermediate/Inc/interrupt_handler.h ****         _myErrorHandler(&(defaultErrorHandler)) {}
  41:Intermediate/Inc/interrupt_handler.h ****     InterruptObject(T* resource, void (*errorHandler)) : 
  42:Intermediate/Inc/interrupt_handler.h ****         _interruptFlag(false), _resource(resource), _myErrorHandler(&errorHandler)  {}
  43:Intermediate/Inc/interrupt_handler.h **** 
  44:Intermediate/Inc/interrupt_handler.h ****     void setFlag() {  this->_interruptFlag = true;  }
  40              		.loc 2 44 10 view .LVU2
  41              	.LBB12:
  42              		.loc 2 44 44 is_stmt 0 view .LVU3
  43 0000 0123     		movs	r3, #1
  44 0002 0371     		strb	r3, [r0, #4]
  45              	.LVL1:
  46              		.loc 2 44 44 view .LVU4
  47              	.LBE12:
  48              	.LBE11:
   5:Intermediate/Src/rtcObject.cpp **** }
  49              		.loc 1 5 1 view .LVU5
  50 0004 7047     		bx	lr
  51              		.cfi_endproc
  52              	.LFE602:
  53              		.cantunwind
  54              		.fnend
  56              		.section	.text._ZN9rtcObject16handleResetCauseEv,"ax",%progbits
  57              		.align	1
  58              		.global	_ZN9rtcObject16handleResetCauseEv
  59              		.syntax unified
  60              		.thumb
  61              		.thumb_func
  63              	_ZN9rtcObject16handleResetCauseEv:
  64              		.fnstart
  65              	.LVL2:
  66              	.LFB603:
   6:Intermediate/Src/rtcObject.cpp **** 
   7:Intermediate/Src/rtcObject.cpp **** void rtcObject::handleResetCause() {
ARM GAS  /tmp/ccMLtaNP.s 			page 3


  67              		.loc 1 7 36 is_stmt 1 view -0
  68              		.cfi_startproc
  69              		@ args = 0, pretend = 0, frame = 0
  70              		@ frame_needed = 0, uses_anonymous_args = 0
  71              		@ link register save eliminated.
   8:Intermediate/Src/rtcObject.cpp ****     switch(*(this->_myResetCause)) {
  72              		.loc 1 8 5 view .LVU7
   9:Intermediate/Src/rtcObject.cpp ****         case resetCause::RST_CAUSE_SOFTWARE:
  10:Intermediate/Src/rtcObject.cpp ****             break;
  11:Intermediate/Src/rtcObject.cpp ****         case resetCause::RST_CAUSE_LOW_POWER:
  73              		.loc 1 11 9 view .LVU8
  12:Intermediate/Src/rtcObject.cpp ****         case resetCause::RST_CAUSE_WINDOW_WATCHDOG:
  74              		.loc 1 12 9 view .LVU9
  13:Intermediate/Src/rtcObject.cpp ****         case resetCause::RST_CAUSE_INDEP_WATCHDOG:
  75              		.loc 1 13 9 view .LVU10
  14:Intermediate/Src/rtcObject.cpp ****         case resetCause::RST_CAUSE_EXT_RST_PIN:
  76              		.loc 1 14 9 view .LVU11
  15:Intermediate/Src/rtcObject.cpp ****         case resetCause::RESET_CAUSE_BROWNOUT:
  77              		.loc 1 15 9 view .LVU12
  16:Intermediate/Src/rtcObject.cpp ****         case resetCause::RST_CAUSE_PWRON_PWRDN:
  78              		.loc 1 16 9 view .LVU13
  17:Intermediate/Src/rtcObject.cpp ****         default:
  79              		.loc 1 17 9 view .LVU14
  18:Intermediate/Src/rtcObject.cpp ****             break;
  80              		.loc 1 18 13 view .LVU15
  19:Intermediate/Src/rtcObject.cpp ****     }
  20:Intermediate/Src/rtcObject.cpp **** }
  81              		.loc 1 20 1 is_stmt 0 view .LVU16
  82 0000 7047     		bx	lr
  83              		.cfi_endproc
  84              	.LFE603:
  85              		.cantunwind
  86              		.fnend
  88              		.section	.text._ZN9rtcObject7alarmInEm,"ax",%progbits
  89              		.align	1
  90              		.global	_ZN9rtcObject7alarmInEm
  91              		.syntax unified
  92              		.thumb
  93              		.thumb_func
  95              	_ZN9rtcObject7alarmInEm:
  96              		.fnstart
  97              	.LVL3:
  98              	.LFB605:
  21:Intermediate/Src/rtcObject.cpp **** 
  22:Intermediate/Src/rtcObject.cpp **** void rtcObject::setAlarm(uint32_t deltaSeconds) {
  23:Intermediate/Src/rtcObject.cpp ****     RTC_AlarmTypeDef sAlarm = alarmIn(deltaSeconds);
  24:Intermediate/Src/rtcObject.cpp **** 
  25:Intermediate/Src/rtcObject.cpp ****     sAlarm.AlarmTime.SubSeconds = 0x0;
  26:Intermediate/Src/rtcObject.cpp ****     sAlarm.AlarmTime.DayLightSaving = RTC_DAYLIGHTSAVING_NONE;
  27:Intermediate/Src/rtcObject.cpp ****     sAlarm.AlarmTime.StoreOperation = RTC_STOREOPERATION_RESET;
  28:Intermediate/Src/rtcObject.cpp ****     sAlarm.AlarmMask = RTC_ALARMMASK_DATEWEEKDAY|RTC_ALARMMASK_HOURS
  29:Intermediate/Src/rtcObject.cpp ****                             |RTC_ALARMMASK_MINUTES;
  30:Intermediate/Src/rtcObject.cpp ****     sAlarm.AlarmSubSecondMask = RTC_ALARMSUBSECONDMASK_ALL;
  31:Intermediate/Src/rtcObject.cpp ****     sAlarm.AlarmDateWeekDaySel = RTC_ALARMDATEWEEKDAYSEL_DATE;
  32:Intermediate/Src/rtcObject.cpp ****     sAlarm.AlarmDateWeekDay = 0x1;
  33:Intermediate/Src/rtcObject.cpp ****     sAlarm.Alarm = RTC_ALARM_A;
  34:Intermediate/Src/rtcObject.cpp ****     if (HAL_RTC_SetAlarm_IT(this->_resource, &sAlarm, RTC_FORMAT_BCD) != HAL_OK)
ARM GAS  /tmp/ccMLtaNP.s 			page 4


  35:Intermediate/Src/rtcObject.cpp ****     {
  36:Intermediate/Src/rtcObject.cpp ****         Error_Handler();
  37:Intermediate/Src/rtcObject.cpp ****     }
  38:Intermediate/Src/rtcObject.cpp **** }
  39:Intermediate/Src/rtcObject.cpp **** 
  40:Intermediate/Src/rtcObject.cpp **** RTC_AlarmTypeDef rtcObject::alarmIn(uint32_t deltaSeconds) {
  99              		.loc 1 40 60 is_stmt 1 view -0
 100              		.cfi_startproc
 101              		@ args = 0, pretend = 0, frame = 16
 102              		@ frame_needed = 0, uses_anonymous_args = 0
 103              		.loc 1 40 60 is_stmt 0 view .LVU18
 104 0000 30B5     		push	{r4, r5, lr}
 105              		.cfi_def_cfa_offset 12
 106              		.cfi_offset 4, -12
 107              		.cfi_offset 5, -8
 108              		.cfi_offset 14, -4
 109 0002 85B0     		sub	sp, sp, #20
 110              		.cfi_def_cfa_offset 32
 111 0004 0546     		mov	r5, r0
 112 0006 1446     		mov	r4, r2
  41:Intermediate/Src/rtcObject.cpp ****     using std::array;
 113              		.loc 1 41 5 is_stmt 1 view .LVU19
  42:Intermediate/Src/rtcObject.cpp **** 
  43:Intermediate/Src/rtcObject.cpp ****     const int N_TIME_UNITS = 3;
 114              		.loc 1 43 5 view .LVU20
 115              	.LVL4:
  44:Intermediate/Src/rtcObject.cpp ****     RTC_AlarmTypeDef output = {0};
 116              		.loc 1 44 5 view .LVU21
 117              		.loc 1 44 22 is_stmt 0 view .LVU22
 118 0008 2822     		movs	r2, #40
 119              	.LVL5:
 120              		.loc 1 44 22 view .LVU23
 121 000a 0021     		movs	r1, #0
 122              	.LVL6:
 123              		.loc 1 44 22 view .LVU24
 124 000c FFF7FEFF 		bl	memset
 125              	.LVL7:
  45:Intermediate/Src/rtcObject.cpp ****     float divisor;
 126              		.loc 1 45 5 is_stmt 1 view .LVU25
  46:Intermediate/Src/rtcObject.cpp ****     uint32_t remainder = deltaSeconds;
 127              		.loc 1 46 5 view .LVU26
  47:Intermediate/Src/rtcObject.cpp **** 
  48:Intermediate/Src/rtcObject.cpp ****     array<const uint8_t, N_TIME_UNITS - 1> TIME_PERIOD_CONVERSIONS = {60, 60};
 128              		.loc 1 48 5 view .LVU27
 129              		.loc 1 48 44 is_stmt 0 view .LVU28
 130 0010 1F4B     		ldr	r3, .L10
 131 0012 1B88     		ldrh	r3, [r3]
 132 0014 ADF80C30 		strh	r3, [sp, #12]	@ movhi
  49:Intermediate/Src/rtcObject.cpp ****     array<uint8_t* , N_TIME_UNITS> deltaPeriods = {&(output.AlarmTime.Hours),
 133              		.loc 1 49 5 is_stmt 1 view .LVU29
  50:Intermediate/Src/rtcObject.cpp ****         &(output.AlarmTime.Minutes), &(output.AlarmTime.Seconds)};
 134              		.loc 1 50 65 is_stmt 0 view .LVU30
 135 0018 0095     		str	r5, [sp]
 136 001a 6B1C     		adds	r3, r5, #1
 137 001c 0193     		str	r3, [sp, #4]
 138 001e AB1C     		adds	r3, r5, #2
 139 0020 0293     		str	r3, [sp, #8]
ARM GAS  /tmp/ccMLtaNP.s 			page 5


  51:Intermediate/Src/rtcObject.cpp **** 
  52:Intermediate/Src/rtcObject.cpp **** 
  53:Intermediate/Src/rtcObject.cpp ****     for(uint8_t i = 0; i < N_TIME_UNITS; i++) {
 140              		.loc 1 53 5 is_stmt 1 view .LVU31
 141              	.LVL8:
 142              	.LBB13:
 143              		.loc 1 53 17 is_stmt 0 view .LVU32
 144 0022 0022     		movs	r2, #0
 145              		.loc 1 53 5 view .LVU33
 146 0024 2AE0     		b	.L4
 147              	.LVL9:
 148              	.L5:
 149              	.LBB14:
 150              	.LBB15:
  54:Intermediate/Src/rtcObject.cpp ****         divisor = 1;
  55:Intermediate/Src/rtcObject.cpp ****         for(uint8_t j = 0; j < N_TIME_UNITS - 1 - i; j++) {
  56:Intermediate/Src/rtcObject.cpp ****             divisor *= TIME_PERIOD_CONVERSIONS[j];
 151              		.loc 1 56 13 is_stmt 1 view .LVU34
 152              	.LBB16:
 153              	.LBI16:
 154              		.file 3 "/usr/arm-none-eabi/include/c++/14.1.0/array"
   1:/usr/arm-none-eabi/include/c++/14.1.0/array **** // <array> -*- C++ -*-
   2:/usr/arm-none-eabi/include/c++/14.1.0/array **** 
   3:/usr/arm-none-eabi/include/c++/14.1.0/array **** // Copyright (C) 2007-2024 Free Software Foundation, Inc.
   4:/usr/arm-none-eabi/include/c++/14.1.0/array **** //
   5:/usr/arm-none-eabi/include/c++/14.1.0/array **** // This file is part of the GNU ISO C++ Library.  This library is free
   6:/usr/arm-none-eabi/include/c++/14.1.0/array **** // software; you can redistribute it and/or modify it under the
   7:/usr/arm-none-eabi/include/c++/14.1.0/array **** // terms of the GNU General Public License as published by the
   8:/usr/arm-none-eabi/include/c++/14.1.0/array **** // Free Software Foundation; either version 3, or (at your option)
   9:/usr/arm-none-eabi/include/c++/14.1.0/array **** // any later version.
  10:/usr/arm-none-eabi/include/c++/14.1.0/array **** 
  11:/usr/arm-none-eabi/include/c++/14.1.0/array **** // This library is distributed in the hope that it will be useful,
  12:/usr/arm-none-eabi/include/c++/14.1.0/array **** // but WITHOUT ANY WARRANTY; without even the implied warranty of
  13:/usr/arm-none-eabi/include/c++/14.1.0/array **** // MERCHANTABILITY or FITNESS FOR A PARTICULAR PURPOSE.  See the
  14:/usr/arm-none-eabi/include/c++/14.1.0/array **** // GNU General Public License for more details.
  15:/usr/arm-none-eabi/include/c++/14.1.0/array **** 
  16:/usr/arm-none-eabi/include/c++/14.1.0/array **** // Under Section 7 of GPL version 3, you are granted additional
  17:/usr/arm-none-eabi/include/c++/14.1.0/array **** // permissions described in the GCC Runtime Library Exception, version
  18:/usr/arm-none-eabi/include/c++/14.1.0/array **** // 3.1, as published by the Free Software Foundation.
  19:/usr/arm-none-eabi/include/c++/14.1.0/array **** 
  20:/usr/arm-none-eabi/include/c++/14.1.0/array **** // You should have received a copy of the GNU General Public License and
  21:/usr/arm-none-eabi/include/c++/14.1.0/array **** // a copy of the GCC Runtime Library Exception along with this program;
  22:/usr/arm-none-eabi/include/c++/14.1.0/array **** // see the files COPYING3 and COPYING.RUNTIME respectively.  If not, see
  23:/usr/arm-none-eabi/include/c++/14.1.0/array **** // <http://www.gnu.org/licenses/>.
  24:/usr/arm-none-eabi/include/c++/14.1.0/array **** 
  25:/usr/arm-none-eabi/include/c++/14.1.0/array **** /** @file include/array
  26:/usr/arm-none-eabi/include/c++/14.1.0/array ****  *  This is a Standard C++ Library header.
  27:/usr/arm-none-eabi/include/c++/14.1.0/array ****  */
  28:/usr/arm-none-eabi/include/c++/14.1.0/array **** 
  29:/usr/arm-none-eabi/include/c++/14.1.0/array **** #ifndef _GLIBCXX_ARRAY
  30:/usr/arm-none-eabi/include/c++/14.1.0/array **** #define _GLIBCXX_ARRAY 1
  31:/usr/arm-none-eabi/include/c++/14.1.0/array **** 
  32:/usr/arm-none-eabi/include/c++/14.1.0/array **** #pragma GCC system_header
  33:/usr/arm-none-eabi/include/c++/14.1.0/array **** 
  34:/usr/arm-none-eabi/include/c++/14.1.0/array **** #if __cplusplus < 201103L
  35:/usr/arm-none-eabi/include/c++/14.1.0/array **** # include <bits/c++0x_warning.h>
  36:/usr/arm-none-eabi/include/c++/14.1.0/array **** #else
ARM GAS  /tmp/ccMLtaNP.s 			page 6


  37:/usr/arm-none-eabi/include/c++/14.1.0/array **** 
  38:/usr/arm-none-eabi/include/c++/14.1.0/array **** #include <compare>
  39:/usr/arm-none-eabi/include/c++/14.1.0/array **** #include <initializer_list>
  40:/usr/arm-none-eabi/include/c++/14.1.0/array **** 
  41:/usr/arm-none-eabi/include/c++/14.1.0/array **** #include <type_traits>
  42:/usr/arm-none-eabi/include/c++/14.1.0/array **** #include <bits/functexcept.h>
  43:/usr/arm-none-eabi/include/c++/14.1.0/array **** #include <bits/stl_algobase.h>
  44:/usr/arm-none-eabi/include/c++/14.1.0/array **** #include <bits/range_access.h> // std::begin, std::end etc.
  45:/usr/arm-none-eabi/include/c++/14.1.0/array **** #include <bits/utility.h>      // std::index_sequence, std::tuple_size
  46:/usr/arm-none-eabi/include/c++/14.1.0/array **** #include <debug/assertions.h>
  47:/usr/arm-none-eabi/include/c++/14.1.0/array **** 
  48:/usr/arm-none-eabi/include/c++/14.1.0/array **** #define __glibcxx_want_array_constexpr
  49:/usr/arm-none-eabi/include/c++/14.1.0/array **** #define __glibcxx_want_freestanding_array
  50:/usr/arm-none-eabi/include/c++/14.1.0/array **** #define __glibcxx_want_nonmember_container_access
  51:/usr/arm-none-eabi/include/c++/14.1.0/array **** #define __glibcxx_want_to_array
  52:/usr/arm-none-eabi/include/c++/14.1.0/array **** #include <bits/version.h>
  53:/usr/arm-none-eabi/include/c++/14.1.0/array **** 
  54:/usr/arm-none-eabi/include/c++/14.1.0/array **** namespace std _GLIBCXX_VISIBILITY(default)
  55:/usr/arm-none-eabi/include/c++/14.1.0/array **** {
  56:/usr/arm-none-eabi/include/c++/14.1.0/array **** _GLIBCXX_BEGIN_NAMESPACE_VERSION
  57:/usr/arm-none-eabi/include/c++/14.1.0/array **** 
  58:/usr/arm-none-eabi/include/c++/14.1.0/array ****   template<typename _Tp, size_t _Nm>
  59:/usr/arm-none-eabi/include/c++/14.1.0/array ****     struct __array_traits
  60:/usr/arm-none-eabi/include/c++/14.1.0/array ****     {
  61:/usr/arm-none-eabi/include/c++/14.1.0/array ****       using _Type = _Tp[_Nm];
  62:/usr/arm-none-eabi/include/c++/14.1.0/array ****       using _Is_swappable = __is_swappable<_Tp>;
  63:/usr/arm-none-eabi/include/c++/14.1.0/array ****       using _Is_nothrow_swappable = __is_nothrow_swappable<_Tp>;
  64:/usr/arm-none-eabi/include/c++/14.1.0/array ****     };
  65:/usr/arm-none-eabi/include/c++/14.1.0/array **** 
  66:/usr/arm-none-eabi/include/c++/14.1.0/array ****  template<typename _Tp>
  67:/usr/arm-none-eabi/include/c++/14.1.0/array ****    struct __array_traits<_Tp, 0>
  68:/usr/arm-none-eabi/include/c++/14.1.0/array ****    {
  69:/usr/arm-none-eabi/include/c++/14.1.0/array ****      // Empty type used instead of _Tp[0] for std::array<_Tp, 0>.
  70:/usr/arm-none-eabi/include/c++/14.1.0/array ****      struct _Type
  71:/usr/arm-none-eabi/include/c++/14.1.0/array ****      {
  72:/usr/arm-none-eabi/include/c++/14.1.0/array ****        // Indexing is undefined.
  73:/usr/arm-none-eabi/include/c++/14.1.0/array ****        __attribute__((__always_inline__,__noreturn__))
  74:/usr/arm-none-eabi/include/c++/14.1.0/array ****        _Tp& operator[](size_t) const noexcept { __builtin_trap(); }
  75:/usr/arm-none-eabi/include/c++/14.1.0/array **** 
  76:/usr/arm-none-eabi/include/c++/14.1.0/array ****        // Conversion to a pointer produces a null pointer.
  77:/usr/arm-none-eabi/include/c++/14.1.0/array ****        __attribute__((__always_inline__))
  78:/usr/arm-none-eabi/include/c++/14.1.0/array ****        constexpr explicit operator _Tp*() const noexcept { return nullptr; }
  79:/usr/arm-none-eabi/include/c++/14.1.0/array ****      };
  80:/usr/arm-none-eabi/include/c++/14.1.0/array **** 
  81:/usr/arm-none-eabi/include/c++/14.1.0/array ****      using _Is_swappable = true_type;
  82:/usr/arm-none-eabi/include/c++/14.1.0/array ****      using _Is_nothrow_swappable = true_type;
  83:/usr/arm-none-eabi/include/c++/14.1.0/array ****    };
  84:/usr/arm-none-eabi/include/c++/14.1.0/array **** 
  85:/usr/arm-none-eabi/include/c++/14.1.0/array ****   /**
  86:/usr/arm-none-eabi/include/c++/14.1.0/array ****    *  @brief A standard container for storing a fixed size sequence of elements.
  87:/usr/arm-none-eabi/include/c++/14.1.0/array ****    *
  88:/usr/arm-none-eabi/include/c++/14.1.0/array ****    *  @ingroup sequences
  89:/usr/arm-none-eabi/include/c++/14.1.0/array ****    *
  90:/usr/arm-none-eabi/include/c++/14.1.0/array ****    *  Meets the requirements of a <a href="tables.html#65">container</a>, a
  91:/usr/arm-none-eabi/include/c++/14.1.0/array ****    *  <a href="tables.html#66">reversible container</a>, and a
  92:/usr/arm-none-eabi/include/c++/14.1.0/array ****    *  <a href="tables.html#67">sequence</a>.
  93:/usr/arm-none-eabi/include/c++/14.1.0/array ****    *
ARM GAS  /tmp/ccMLtaNP.s 			page 7


  94:/usr/arm-none-eabi/include/c++/14.1.0/array ****    *  Sets support random access iterators.
  95:/usr/arm-none-eabi/include/c++/14.1.0/array ****    *
  96:/usr/arm-none-eabi/include/c++/14.1.0/array ****    *  @tparam  Tp  Type of element. Required to be a complete type.
  97:/usr/arm-none-eabi/include/c++/14.1.0/array ****    *  @tparam  Nm  Number of elements.
  98:/usr/arm-none-eabi/include/c++/14.1.0/array ****   */
  99:/usr/arm-none-eabi/include/c++/14.1.0/array ****   template<typename _Tp, std::size_t _Nm>
 100:/usr/arm-none-eabi/include/c++/14.1.0/array ****     struct array
 101:/usr/arm-none-eabi/include/c++/14.1.0/array ****     {
 102:/usr/arm-none-eabi/include/c++/14.1.0/array ****       typedef _Tp 	    			      value_type;
 103:/usr/arm-none-eabi/include/c++/14.1.0/array ****       typedef value_type*			      pointer;
 104:/usr/arm-none-eabi/include/c++/14.1.0/array ****       typedef const value_type*                       const_pointer;
 105:/usr/arm-none-eabi/include/c++/14.1.0/array ****       typedef value_type&                   	      reference;
 106:/usr/arm-none-eabi/include/c++/14.1.0/array ****       typedef const value_type&             	      const_reference;
 107:/usr/arm-none-eabi/include/c++/14.1.0/array ****       typedef value_type*          		      iterator;
 108:/usr/arm-none-eabi/include/c++/14.1.0/array ****       typedef const value_type*			      const_iterator;
 109:/usr/arm-none-eabi/include/c++/14.1.0/array ****       typedef std::size_t                    	      size_type;
 110:/usr/arm-none-eabi/include/c++/14.1.0/array ****       typedef std::ptrdiff_t                   	      difference_type;
 111:/usr/arm-none-eabi/include/c++/14.1.0/array ****       typedef std::reverse_iterator<iterator>	      reverse_iterator;
 112:/usr/arm-none-eabi/include/c++/14.1.0/array ****       typedef std::reverse_iterator<const_iterator>   const_reverse_iterator;
 113:/usr/arm-none-eabi/include/c++/14.1.0/array **** 
 114:/usr/arm-none-eabi/include/c++/14.1.0/array ****       // Support for zero-sized arrays mandatory.
 115:/usr/arm-none-eabi/include/c++/14.1.0/array ****       typename __array_traits<_Tp, _Nm>::_Type        _M_elems;
 116:/usr/arm-none-eabi/include/c++/14.1.0/array **** 
 117:/usr/arm-none-eabi/include/c++/14.1.0/array ****       // No explicit construct/copy/destroy for aggregate type.
 118:/usr/arm-none-eabi/include/c++/14.1.0/array **** 
 119:/usr/arm-none-eabi/include/c++/14.1.0/array ****       // DR 776.
 120:/usr/arm-none-eabi/include/c++/14.1.0/array ****       _GLIBCXX20_CONSTEXPR void
 121:/usr/arm-none-eabi/include/c++/14.1.0/array ****       fill(const value_type& __u)
 122:/usr/arm-none-eabi/include/c++/14.1.0/array ****       { std::fill_n(begin(), size(), __u); }
 123:/usr/arm-none-eabi/include/c++/14.1.0/array **** 
 124:/usr/arm-none-eabi/include/c++/14.1.0/array ****       _GLIBCXX20_CONSTEXPR void
 125:/usr/arm-none-eabi/include/c++/14.1.0/array ****       swap(array& __other)
 126:/usr/arm-none-eabi/include/c++/14.1.0/array ****       noexcept(__array_traits<_Tp, _Nm>::_Is_nothrow_swappable::value)
 127:/usr/arm-none-eabi/include/c++/14.1.0/array ****       { std::swap_ranges(begin(), end(), __other.begin()); }
 128:/usr/arm-none-eabi/include/c++/14.1.0/array **** 
 129:/usr/arm-none-eabi/include/c++/14.1.0/array ****       // Iterators.
 130:/usr/arm-none-eabi/include/c++/14.1.0/array ****       [[__gnu__::__const__, __nodiscard__]]
 131:/usr/arm-none-eabi/include/c++/14.1.0/array ****       _GLIBCXX17_CONSTEXPR iterator
 132:/usr/arm-none-eabi/include/c++/14.1.0/array ****       begin() noexcept
 133:/usr/arm-none-eabi/include/c++/14.1.0/array ****       { return iterator(data()); }
 134:/usr/arm-none-eabi/include/c++/14.1.0/array **** 
 135:/usr/arm-none-eabi/include/c++/14.1.0/array ****       [[__nodiscard__]]
 136:/usr/arm-none-eabi/include/c++/14.1.0/array ****       _GLIBCXX17_CONSTEXPR const_iterator
 137:/usr/arm-none-eabi/include/c++/14.1.0/array ****       begin() const noexcept
 138:/usr/arm-none-eabi/include/c++/14.1.0/array ****       { return const_iterator(data()); }
 139:/usr/arm-none-eabi/include/c++/14.1.0/array **** 
 140:/usr/arm-none-eabi/include/c++/14.1.0/array ****       [[__gnu__::__const__, __nodiscard__]]
 141:/usr/arm-none-eabi/include/c++/14.1.0/array ****       _GLIBCXX17_CONSTEXPR iterator
 142:/usr/arm-none-eabi/include/c++/14.1.0/array ****       end() noexcept
 143:/usr/arm-none-eabi/include/c++/14.1.0/array ****       { return iterator(data() + _Nm); }
 144:/usr/arm-none-eabi/include/c++/14.1.0/array **** 
 145:/usr/arm-none-eabi/include/c++/14.1.0/array ****       [[__nodiscard__]]
 146:/usr/arm-none-eabi/include/c++/14.1.0/array ****       _GLIBCXX17_CONSTEXPR const_iterator
 147:/usr/arm-none-eabi/include/c++/14.1.0/array ****       end() const noexcept
 148:/usr/arm-none-eabi/include/c++/14.1.0/array ****       { return const_iterator(data() + _Nm); }
 149:/usr/arm-none-eabi/include/c++/14.1.0/array **** 
 150:/usr/arm-none-eabi/include/c++/14.1.0/array ****       [[__gnu__::__const__, __nodiscard__]]
ARM GAS  /tmp/ccMLtaNP.s 			page 8


 151:/usr/arm-none-eabi/include/c++/14.1.0/array ****       _GLIBCXX17_CONSTEXPR reverse_iterator
 152:/usr/arm-none-eabi/include/c++/14.1.0/array ****       rbegin() noexcept
 153:/usr/arm-none-eabi/include/c++/14.1.0/array ****       { return reverse_iterator(end()); }
 154:/usr/arm-none-eabi/include/c++/14.1.0/array **** 
 155:/usr/arm-none-eabi/include/c++/14.1.0/array ****       [[__nodiscard__]]
 156:/usr/arm-none-eabi/include/c++/14.1.0/array ****       _GLIBCXX17_CONSTEXPR const_reverse_iterator
 157:/usr/arm-none-eabi/include/c++/14.1.0/array ****       rbegin() const noexcept
 158:/usr/arm-none-eabi/include/c++/14.1.0/array ****       { return const_reverse_iterator(end()); }
 159:/usr/arm-none-eabi/include/c++/14.1.0/array **** 
 160:/usr/arm-none-eabi/include/c++/14.1.0/array ****       [[__gnu__::__const__, __nodiscard__]]
 161:/usr/arm-none-eabi/include/c++/14.1.0/array ****       _GLIBCXX17_CONSTEXPR reverse_iterator
 162:/usr/arm-none-eabi/include/c++/14.1.0/array ****       rend() noexcept
 163:/usr/arm-none-eabi/include/c++/14.1.0/array ****       { return reverse_iterator(begin()); }
 164:/usr/arm-none-eabi/include/c++/14.1.0/array **** 
 165:/usr/arm-none-eabi/include/c++/14.1.0/array ****       [[__nodiscard__]]
 166:/usr/arm-none-eabi/include/c++/14.1.0/array ****       _GLIBCXX17_CONSTEXPR const_reverse_iterator
 167:/usr/arm-none-eabi/include/c++/14.1.0/array ****       rend() const noexcept
 168:/usr/arm-none-eabi/include/c++/14.1.0/array ****       { return const_reverse_iterator(begin()); }
 169:/usr/arm-none-eabi/include/c++/14.1.0/array **** 
 170:/usr/arm-none-eabi/include/c++/14.1.0/array ****       [[__nodiscard__]]
 171:/usr/arm-none-eabi/include/c++/14.1.0/array ****       _GLIBCXX17_CONSTEXPR const_iterator
 172:/usr/arm-none-eabi/include/c++/14.1.0/array ****       cbegin() const noexcept
 173:/usr/arm-none-eabi/include/c++/14.1.0/array ****       { return const_iterator(data()); }
 174:/usr/arm-none-eabi/include/c++/14.1.0/array **** 
 175:/usr/arm-none-eabi/include/c++/14.1.0/array ****       [[__nodiscard__]]
 176:/usr/arm-none-eabi/include/c++/14.1.0/array ****       _GLIBCXX17_CONSTEXPR const_iterator
 177:/usr/arm-none-eabi/include/c++/14.1.0/array ****       cend() const noexcept
 178:/usr/arm-none-eabi/include/c++/14.1.0/array ****       { return const_iterator(data() + _Nm); }
 179:/usr/arm-none-eabi/include/c++/14.1.0/array **** 
 180:/usr/arm-none-eabi/include/c++/14.1.0/array ****       [[__nodiscard__]]
 181:/usr/arm-none-eabi/include/c++/14.1.0/array ****       _GLIBCXX17_CONSTEXPR const_reverse_iterator
 182:/usr/arm-none-eabi/include/c++/14.1.0/array ****       crbegin() const noexcept
 183:/usr/arm-none-eabi/include/c++/14.1.0/array ****       { return const_reverse_iterator(end()); }
 184:/usr/arm-none-eabi/include/c++/14.1.0/array **** 
 185:/usr/arm-none-eabi/include/c++/14.1.0/array ****       [[__nodiscard__]]
 186:/usr/arm-none-eabi/include/c++/14.1.0/array ****       _GLIBCXX17_CONSTEXPR const_reverse_iterator
 187:/usr/arm-none-eabi/include/c++/14.1.0/array ****       crend() const noexcept
 188:/usr/arm-none-eabi/include/c++/14.1.0/array ****       { return const_reverse_iterator(begin()); }
 189:/usr/arm-none-eabi/include/c++/14.1.0/array **** 
 190:/usr/arm-none-eabi/include/c++/14.1.0/array ****       // Capacity.
 191:/usr/arm-none-eabi/include/c++/14.1.0/array ****       [[__nodiscard__, __gnu__::__const__, __gnu__::__always_inline__]]
 192:/usr/arm-none-eabi/include/c++/14.1.0/array ****       constexpr size_type
 193:/usr/arm-none-eabi/include/c++/14.1.0/array ****       size() const noexcept { return _Nm; }
 194:/usr/arm-none-eabi/include/c++/14.1.0/array **** 
 195:/usr/arm-none-eabi/include/c++/14.1.0/array ****       [[__nodiscard__, __gnu__::__const__, __gnu__::__always_inline__]]
 196:/usr/arm-none-eabi/include/c++/14.1.0/array ****       constexpr size_type
 197:/usr/arm-none-eabi/include/c++/14.1.0/array ****       max_size() const noexcept { return _Nm; }
 198:/usr/arm-none-eabi/include/c++/14.1.0/array **** 
 199:/usr/arm-none-eabi/include/c++/14.1.0/array ****       [[__nodiscard__, __gnu__::__const__, __gnu__::__always_inline__]]
 200:/usr/arm-none-eabi/include/c++/14.1.0/array ****       constexpr bool
 201:/usr/arm-none-eabi/include/c++/14.1.0/array ****       empty() const noexcept { return size() == 0; }
 202:/usr/arm-none-eabi/include/c++/14.1.0/array **** 
 203:/usr/arm-none-eabi/include/c++/14.1.0/array ****       // Element access.
 204:/usr/arm-none-eabi/include/c++/14.1.0/array ****       [[__nodiscard__]]
 205:/usr/arm-none-eabi/include/c++/14.1.0/array ****       _GLIBCXX17_CONSTEXPR reference
 206:/usr/arm-none-eabi/include/c++/14.1.0/array ****       operator[](size_type __n) noexcept
 155              		.loc 3 206 7 view .LVU35
ARM GAS  /tmp/ccMLtaNP.s 			page 9


 156              		.loc 3 206 7 is_stmt 0 view .LVU36
 157              	.LBE16:
 158              		.loc 1 56 21 discriminator 1 view .LVU37
 159 0026 03F11001 		add	r1, r3, #16
 160 002a 6944     		add	r1, sp, r1
 161 002c 11F8041C 		ldrb	r1, [r1, #-4]	@ zero_extendqisi2
 162 0030 07EE901A 		vmov	s15, r1	@ int
 163 0034 F8EEE77A 		vcvt.f32.s32	s15, s15
 164 0038 27EE277A 		vmul.f32	s14, s14, s15
 165              	.LVL10:
  55:Intermediate/Src/rtcObject.cpp ****             divisor *= TIME_PERIOD_CONVERSIONS[j];
 166              		.loc 1 55 9 is_stmt 1 discriminator 3 view .LVU38
 167 003c 0133     		adds	r3, r3, #1
 168              	.LVL11:
  55:Intermediate/Src/rtcObject.cpp ****             divisor *= TIME_PERIOD_CONVERSIONS[j];
 169              		.loc 1 55 9 is_stmt 0 discriminator 3 view .LVU39
 170 003e DBB2     		uxtb	r3, r3
 171              	.LVL12:
 172              	.L6:
  55:Intermediate/Src/rtcObject.cpp ****             divisor *= TIME_PERIOD_CONVERSIONS[j];
 173              		.loc 1 55 30 is_stmt 1 discriminator 1 view .LVU40
  55:Intermediate/Src/rtcObject.cpp ****             divisor *= TIME_PERIOD_CONVERSIONS[j];
 174              		.loc 1 55 49 is_stmt 0 discriminator 1 view .LVU41
 175 0040 C2F10201 		rsb	r1, r2, #2
  55:Intermediate/Src/rtcObject.cpp ****             divisor *= TIME_PERIOD_CONVERSIONS[j];
 176              		.loc 1 55 30 discriminator 1 view .LVU42
 177 0044 8B42     		cmp	r3, r1
 178 0046 EEDB     		blt	.L5
 179              	.LBE15:
  57:Intermediate/Src/rtcObject.cpp ****         }
  58:Intermediate/Src/rtcObject.cpp ****         *(deltaPeriods[i]) = int(remainder/divisor);
 180              		.loc 1 58 9 is_stmt 1 view .LVU43
 181              		.loc 1 58 43 is_stmt 0 view .LVU44
 182 0048 07EE904A 		vmov	s15, r4	@ int
 183 004c F8EE676A 		vcvt.f32.u32	s13, s15
 184 0050 C6EE877A 		vdiv.f32	s15, s13, s14
 185              		.loc 1 58 30 view .LVU45
 186 0054 FDEEE77A 		vcvt.s32.f32	s15, s15
 187 0058 17EE903A 		vmov	r3, s15	@ int
 188              	.LVL13:
 189              	.LBB17:
 190              	.LBI17:
 191              		.loc 3 206 7 is_stmt 1 view .LVU46
 192              		.loc 3 206 7 is_stmt 0 view .LVU47
 193              	.LBE17:
 194              		.loc 1 58 9 discriminator 1 view .LVU48
 195 005c 04A9     		add	r1, sp, #16
 196 005e 01EB8201 		add	r1, r1, r2, lsl #2
 197 0062 51F8101C 		ldr	r1, [r1, #-16]
 198              		.loc 1 58 28 view .LVU49
 199 0066 0B70     		strb	r3, [r1]
  59:Intermediate/Src/rtcObject.cpp ****         remainder = int(remainder % (int)divisor);
 200              		.loc 1 59 9 is_stmt 1 view .LVU50
 201              		.loc 1 59 37 is_stmt 0 view .LVU51
 202 0068 FDEEC77A 		vcvt.s32.f32	s15, s14
 203 006c 17EE903A 		vmov	r3, s15	@ int
 204              		.loc 1 59 19 view .LVU52
ARM GAS  /tmp/ccMLtaNP.s 			page 10


 205 0070 B4FBF3F1 		udiv	r1, r4, r3
 206 0074 03FB1144 		mls	r4, r3, r1, r4
 207              	.LVL14:
 208              		.loc 1 59 19 view .LVU53
 209              	.LBE14:
  53:Intermediate/Src/rtcObject.cpp ****         divisor = 1;
 210              		.loc 1 53 5 is_stmt 1 discriminator 2 view .LVU54
 211 0078 0132     		adds	r2, r2, #1
 212              	.LVL15:
  53:Intermediate/Src/rtcObject.cpp ****         divisor = 1;
 213              		.loc 1 53 5 is_stmt 0 discriminator 2 view .LVU55
 214 007a D2B2     		uxtb	r2, r2
 215              	.LVL16:
 216              	.L4:
  53:Intermediate/Src/rtcObject.cpp ****         divisor = 1;
 217              		.loc 1 53 26 is_stmt 1 discriminator 1 view .LVU56
 218 007c 022A     		cmp	r2, #2
 219 007e 03D8     		bhi	.L9
 220              	.LBB19:
 221              	.LBB18:
  55:Intermediate/Src/rtcObject.cpp ****             divisor *= TIME_PERIOD_CONVERSIONS[j];
 222              		.loc 1 55 21 is_stmt 0 view .LVU57
 223 0080 0023     		movs	r3, #0
 224              	.LBE18:
  54:Intermediate/Src/rtcObject.cpp ****         for(uint8_t j = 0; j < N_TIME_UNITS - 1 - i; j++) {
 225              		.loc 1 54 17 view .LVU58
 226 0082 B7EE007A 		vmov.f32	s14, #1.0e+0
 227 0086 DBE7     		b	.L6
 228              	.L9:
 229              	.LBE19:
 230              	.LBE13:
  60:Intermediate/Src/rtcObject.cpp ****     }   
  61:Intermediate/Src/rtcObject.cpp ****     return output;
 231              		.loc 1 61 5 is_stmt 1 view .LVU59
  62:Intermediate/Src/rtcObject.cpp **** }...
 232              		.loc 1 62 1 is_stmt 0 view .LVU60
 233 0088 2846     		mov	r0, r5
 234 008a 05B0     		add	sp, sp, #20
 235              		.cfi_def_cfa_offset 12
 236              		@ sp needed
 237 008c 30BD     		pop	{r4, r5, pc}
 238              	.LVL17:
 239              	.L11:
 240              		.loc 1 62 1 view .LVU61
 241 008e 00BF     		.align	2
 242              	.L10:
 243 0090 00000000 		.word	.LANCHOR0
 244              		.cfi_endproc
 245              	.LFE605:
 246              		.cantunwind
 247              		.fnend
 249              		.section	.text._ZN9rtcObject8setAlarmEm,"ax",%progbits
 250              		.align	1
 251              		.global	_ZN9rtcObject8setAlarmEm
 252              		.syntax unified
 253              		.thumb
 254              		.thumb_func
ARM GAS  /tmp/ccMLtaNP.s 			page 11


 256              	_ZN9rtcObject8setAlarmEm:
 257              		.fnstart
 258              	.LVL18:
 259              	.LFB604:
  22:Intermediate/Src/rtcObject.cpp **** void rtcObject::setAlarm(uint32_t deltaSeconds) {
 260              		.loc 1 22 49 is_stmt 1 view -0
 261              		.cfi_startproc
 262              		@ args = 0, pretend = 0, frame = 40
 263              		@ frame_needed = 0, uses_anonymous_args = 0
  22:Intermediate/Src/rtcObject.cpp **** void rtcObject::setAlarm(uint32_t deltaSeconds) {
 264              		.loc 1 22 49 is_stmt 0 view .LVU63
 265 0000 30B5     		push	{r4, r5, lr}
 266              		.save {r4, r5, lr}
 267              		.cfi_def_cfa_offset 12
 268              		.cfi_offset 4, -12
 269              		.cfi_offset 5, -8
 270              		.cfi_offset 14, -4
 271              		.pad #44
 272 0002 8BB0     		sub	sp, sp, #44
 273              		.cfi_def_cfa_offset 56
 274 0004 0446     		mov	r4, r0
 275 0006 0A46     		mov	r2, r1
  23:Intermediate/Src/rtcObject.cpp ****     RTC_AlarmTypeDef sAlarm = alarmIn(deltaSeconds);
 276              		.loc 1 23 5 is_stmt 1 view .LVU64
  23:Intermediate/Src/rtcObject.cpp ****     RTC_AlarmTypeDef sAlarm = alarmIn(deltaSeconds);
 277              		.loc 1 23 38 is_stmt 0 view .LVU65
 278 0008 0146     		mov	r1, r0
 279              	.LVL19:
  23:Intermediate/Src/rtcObject.cpp ****     RTC_AlarmTypeDef sAlarm = alarmIn(deltaSeconds);
 280              		.loc 1 23 38 view .LVU66
 281 000a 6846     		mov	r0, sp
 282              	.LVL20:
  23:Intermediate/Src/rtcObject.cpp ****     RTC_AlarmTypeDef sAlarm = alarmIn(deltaSeconds);
 283              		.loc 1 23 38 view .LVU67
 284 000c FFF7FEFF 		bl	_ZN9rtcObject7alarmInEm
 285              	.LVL21:
  25:Intermediate/Src/rtcObject.cpp ****     sAlarm.AlarmTime.SubSeconds = 0x0;
 286              		.loc 1 25 5 is_stmt 1 view .LVU68
  25:Intermediate/Src/rtcObject.cpp ****     sAlarm.AlarmTime.SubSeconds = 0x0;
 287              		.loc 1 25 33 is_stmt 0 view .LVU69
 288 0010 0023     		movs	r3, #0
 289 0012 0193     		str	r3, [sp, #4]
  26:Intermediate/Src/rtcObject.cpp ****     sAlarm.AlarmTime.DayLightSaving = RTC_DAYLIGHTSAVING_NONE;
 290              		.loc 1 26 5 is_stmt 1 view .LVU70
  26:Intermediate/Src/rtcObject.cpp ****     sAlarm.AlarmTime.DayLightSaving = RTC_DAYLIGHTSAVING_NONE;
 291              		.loc 1 26 37 is_stmt 0 view .LVU71
 292 0014 0393     		str	r3, [sp, #12]
  27:Intermediate/Src/rtcObject.cpp ****     sAlarm.AlarmTime.StoreOperation = RTC_STOREOPERATION_RESET;
 293              		.loc 1 27 5 is_stmt 1 view .LVU72
  27:Intermediate/Src/rtcObject.cpp ****     sAlarm.AlarmTime.StoreOperation = RTC_STOREOPERATION_RESET;
 294              		.loc 1 27 37 is_stmt 0 view .LVU73
 295 0016 0493     		str	r3, [sp, #16]
  28:Intermediate/Src/rtcObject.cpp ****     sAlarm.AlarmMask = RTC_ALARMMASK_DATEWEEKDAY|RTC_ALARMMASK_HOURS
 296              		.loc 1 28 5 is_stmt 1 view .LVU74
  28:Intermediate/Src/rtcObject.cpp ****     sAlarm.AlarmMask = RTC_ALARMMASK_DATEWEEKDAY|RTC_ALARMMASK_HOURS
 297              		.loc 1 28 22 is_stmt 0 view .LVU75
 298 0018 094A     		ldr	r2, .L16
ARM GAS  /tmp/ccMLtaNP.s 			page 12


 299 001a 0592     		str	r2, [sp, #20]
  30:Intermediate/Src/rtcObject.cpp ****     sAlarm.AlarmSubSecondMask = RTC_ALARMSUBSECONDMASK_ALL;
 300              		.loc 1 30 5 is_stmt 1 view .LVU76
  30:Intermediate/Src/rtcObject.cpp ****     sAlarm.AlarmSubSecondMask = RTC_ALARMSUBSECONDMASK_ALL;
 301              		.loc 1 30 31 is_stmt 0 view .LVU77
 302 001c 0693     		str	r3, [sp, #24]
  31:Intermediate/Src/rtcObject.cpp ****     sAlarm.AlarmDateWeekDaySel = RTC_ALARMDATEWEEKDAYSEL_DATE;
 303              		.loc 1 31 5 is_stmt 1 view .LVU78
  31:Intermediate/Src/rtcObject.cpp ****     sAlarm.AlarmDateWeekDaySel = RTC_ALARMDATEWEEKDAYSEL_DATE;
 304              		.loc 1 31 32 is_stmt 0 view .LVU79
 305 001e 0793     		str	r3, [sp, #28]
  32:Intermediate/Src/rtcObject.cpp ****     sAlarm.AlarmDateWeekDay = 0x1;
 306              		.loc 1 32 5 is_stmt 1 view .LVU80
  32:Intermediate/Src/rtcObject.cpp ****     sAlarm.AlarmDateWeekDay = 0x1;
 307              		.loc 1 32 29 is_stmt 0 view .LVU81
 308 0020 0122     		movs	r2, #1
 309 0022 8DF82020 		strb	r2, [sp, #32]
  33:Intermediate/Src/rtcObject.cpp ****     sAlarm.Alarm = RTC_ALARM_A;
 310              		.loc 1 33 5 is_stmt 1 view .LVU82
  33:Intermediate/Src/rtcObject.cpp ****     sAlarm.Alarm = RTC_ALARM_A;
 311              		.loc 1 33 18 is_stmt 0 view .LVU83
 312 0026 4FF48073 		mov	r3, #256
 313 002a 0993     		str	r3, [sp, #36]
  34:Intermediate/Src/rtcObject.cpp ****     if (HAL_RTC_SetAlarm_IT(this->_resource, &sAlarm, RTC_FORMAT_BCD) != HAL_OK)
 314              		.loc 1 34 5 is_stmt 1 view .LVU84
  34:Intermediate/Src/rtcObject.cpp ****     if (HAL_RTC_SetAlarm_IT(this->_resource, &sAlarm, RTC_FORMAT_BCD) != HAL_OK)
 315              		.loc 1 34 28 is_stmt 0 view .LVU85
 316 002c 6946     		mov	r1, sp
 317 002e E068     		ldr	r0, [r4, #12]
 318 0030 FFF7FEFF 		bl	HAL_RTC_SetAlarm_IT
 319              	.LVL22:
  34:Intermediate/Src/rtcObject.cpp ****     if (HAL_RTC_SetAlarm_IT(this->_resource, &sAlarm, RTC_FORMAT_BCD) != HAL_OK)
 320              		.loc 1 34 5 discriminator 1 view .LVU86
 321 0034 08B9     		cbnz	r0, .L15
 322              	.L12:
  38:Intermediate/Src/rtcObject.cpp **** }
 323              		.loc 1 38 1 view .LVU87
 324 0036 0BB0     		add	sp, sp, #44
 325              		.cfi_remember_state
 326              		.cfi_def_cfa_offset 12
 327              		@ sp needed
 328 0038 30BD     		pop	{r4, r5, pc}
 329              	.LVL23:
 330              	.L15:
 331              		.cfi_restore_state
  36:Intermediate/Src/rtcObject.cpp ****         Error_Handler();
 332              		.loc 1 36 9 is_stmt 1 view .LVU88
  36:Intermediate/Src/rtcObject.cpp ****         Error_Handler();
 333              		.loc 1 36 22 is_stmt 0 view .LVU89
 334 003a FFF7FEFF 		bl	_Z13Error_Handlerv
 335              	.LVL24:
  38:Intermediate/Src/rtcObject.cpp **** }
 336              		.loc 1 38 1 view .LVU90
 337 003e FAE7     		b	.L12
 338              	.L17:
 339              		.align	2
 340              	.L16:
ARM GAS  /tmp/ccMLtaNP.s 			page 13


 341 0040 00808080 		.word	-2139062272
 342              		.cfi_endproc
 343              	.LFE604:
 344              		.fnend
 346              		.weak	_ZTS16InterruptHandler
 347              		.section	.rodata._ZTS16InterruptHandler,"aG",%progbits,_ZTS16InterruptHandler,comdat
 348              		.align	2
 351              	_ZTS16InterruptHandler:
 352 0000 3136496E 		.ascii	"16InterruptHandler\000"
 352      74657272 
 352      75707448 
 352      616E646C 
 352      657200
 353              		.weak	_ZTI16InterruptHandler
 354              		.section	.rodata._ZTI16InterruptHandler,"aG",%progbits,_ZTI16InterruptHandler,comdat
 355              		.align	2
 358              	_ZTI16InterruptHandler:
 359 0000 08000000 		.word	_ZTVN10__cxxabiv117__class_type_infoE+8
 360 0004 00000000 		.word	_ZTS16InterruptHandler
 361              		.weak	_ZTS15InterruptObjectI17RTC_HandleTypeDefE
 362              		.section	.rodata._ZTS15InterruptObjectI17RTC_HandleTypeDefE,"aG",%progbits,_ZTS15InterruptObjectI1
 363              		.align	2
 366              	_ZTS15InterruptObjectI17RTC_HandleTypeDefE:
 367 0000 3135496E 		.ascii	"15InterruptObjectI17RTC_HandleTypeDefE\000"
 367      74657272 
 367      7570744F 
 367      626A6563 
 367      74493137 
 368              		.weak	_ZTI15InterruptObjectI17RTC_HandleTypeDefE
 369              		.section	.rodata._ZTI15InterruptObjectI17RTC_HandleTypeDefE,"aG",%progbits,_ZTI15InterruptObjectI1
 370              		.align	2
 373              	_ZTI15InterruptObjectI17RTC_HandleTypeDefE:
 374 0000 08000000 		.word	_ZTVN10__cxxabiv120__si_class_type_infoE+8
 375 0004 00000000 		.word	_ZTS15InterruptObjectI17RTC_HandleTypeDefE
 376 0008 00000000 		.word	_ZTI16InterruptHandler
 377              		.global	_ZTS9rtcObject
 378              		.section	.rodata._ZTS9rtcObject,"a"
 379              		.align	2
 382              	_ZTS9rtcObject:
 383 0000 39727463 		.ascii	"9rtcObject\000"
 383      4F626A65 
 383      637400
 384              		.global	_ZTI9rtcObject
 385              		.section	.rodata._ZTI9rtcObject,"a"
 386              		.align	2
 389              	_ZTI9rtcObject:
 390 0000 08000000 		.word	_ZTVN10__cxxabiv120__si_class_type_infoE+8
 391 0004 00000000 		.word	_ZTS9rtcObject
 392 0008 00000000 		.word	_ZTI15InterruptObjectI17RTC_HandleTypeDefE
 393              		.global	_ZTV9rtcObject
 394              		.section	.rodata._ZTV9rtcObject,"a"
 395              		.align	2
 398              	_ZTV9rtcObject:
 399 0000 00000000 		.word	0
 400 0004 00000000 		.word	_ZTI9rtcObject
 401 0008 00000000 		.word	_ZN9rtcObject3irqEv
 402              		.section	.rodata
ARM GAS  /tmp/ccMLtaNP.s 			page 14


 403              		.align	2
 404              		.set	.LANCHOR0,. + 0
 405              	.LC0:
 406 0000 3C3C     		.ascii	"<<"
 407              		.text
 408              	.Letext0:
 409              		.file 4 "/usr/arm-none-eabi/include/machine/_default_types.h"
 410              		.file 5 "/usr/arm-none-eabi/include/sys/_stdint.h"
 411              		.file 6 "Drivers/CMSIS/Device/ST/STM32F4xx/Include/stm32f401xc.h"
 412              		.file 7 "Drivers/CMSIS/Device/ST/STM32F4xx/Include/stm32f4xx.h"
 413              		.file 8 "Drivers/STM32F4xx_HAL_Driver/Inc/stm32f4xx_hal_def.h"
 414              		.file 9 "Drivers/STM32F4xx_HAL_Driver/Inc/stm32f4xx_hal_rtc.h"
 415              		.file 10 "Drivers/STM32F4xx_HAL_Driver/Inc/stm32f4xx_hal.h"
 416              		.file 11 "/usr/arm-none-eabi/include/c++/14.1.0/arm-none-eabi/thumb/v7e-m+fp/hard/bits/c++config.h
 417              		.file 12 "/usr/arm-none-eabi/include/c++/14.1.0/type_traits"
 418              		.file 13 "/usr/arm-none-eabi/include/c++/14.1.0/debug/debug.h"
 419              		.file 14 "/usr/arm-none-eabi/include/c++/14.1.0/bits/predefined_ops.h"
 420              		.file 15 "Intermediate/Inc/rtcObject.h"
 421              		.file 16 "Intermediate/Inc/reset_cause.h"
ARM GAS  /tmp/ccMLtaNP.s 			page 15


DEFINED SYMBOLS
                            *ABS*:00000000 rtcObject.cpp
     /tmp/ccMLtaNP.s:21     .text._ZN9rtcObject3irqEv:00000000 $t
     /tmp/ccMLtaNP.s:27     .text._ZN9rtcObject3irqEv:00000000 _ZN9rtcObject3irqEv
.ARM.exidx.text._ZN9rtcObject3irqEv:00000000 $d
     /tmp/ccMLtaNP.s:57     .text._ZN9rtcObject16handleResetCauseEv:00000000 $t
     /tmp/ccMLtaNP.s:63     .text._ZN9rtcObject16handleResetCauseEv:00000000 _ZN9rtcObject16handleResetCauseEv
.ARM.exidx.text._ZN9rtcObject16handleResetCauseEv:00000000 $d
     /tmp/ccMLtaNP.s:89     .text._ZN9rtcObject7alarmInEm:00000000 $t
     /tmp/ccMLtaNP.s:95     .text._ZN9rtcObject7alarmInEm:00000000 _ZN9rtcObject7alarmInEm
     /tmp/ccMLtaNP.s:243    .text._ZN9rtcObject7alarmInEm:00000090 $d
.ARM.exidx.text._ZN9rtcObject7alarmInEm:00000000 $d
     /tmp/ccMLtaNP.s:250    .text._ZN9rtcObject8setAlarmEm:00000000 $t
     /tmp/ccMLtaNP.s:256    .text._ZN9rtcObject8setAlarmEm:00000000 _ZN9rtcObject8setAlarmEm
     /tmp/ccMLtaNP.s:341    .text._ZN9rtcObject8setAlarmEm:00000040 $d
.ARM.exidx.text._ZN9rtcObject8setAlarmEm:00000000 $d
     /tmp/ccMLtaNP.s:351    .rodata._ZTS16InterruptHandler:00000000 _ZTS16InterruptHandler
     /tmp/ccMLtaNP.s:348    .rodata._ZTS16InterruptHandler:00000000 $d
     /tmp/ccMLtaNP.s:358    .rodata._ZTI16InterruptHandler:00000000 _ZTI16InterruptHandler
     /tmp/ccMLtaNP.s:355    .rodata._ZTI16InterruptHandler:00000000 $d
     /tmp/ccMLtaNP.s:366    .rodata._ZTS15InterruptObjectI17RTC_HandleTypeDefE:00000000 _ZTS15InterruptObjectI17RTC_HandleTypeDefE
     /tmp/ccMLtaNP.s:363    .rodata._ZTS15InterruptObjectI17RTC_HandleTypeDefE:00000000 $d
     /tmp/ccMLtaNP.s:373    .rodata._ZTI15InterruptObjectI17RTC_HandleTypeDefE:00000000 _ZTI15InterruptObjectI17RTC_HandleTypeDefE
     /tmp/ccMLtaNP.s:370    .rodata._ZTI15InterruptObjectI17RTC_HandleTypeDefE:00000000 $d
     /tmp/ccMLtaNP.s:382    .rodata._ZTS9rtcObject:00000000 _ZTS9rtcObject
     /tmp/ccMLtaNP.s:379    .rodata._ZTS9rtcObject:00000000 $d
     /tmp/ccMLtaNP.s:389    .rodata._ZTI9rtcObject:00000000 _ZTI9rtcObject
     /tmp/ccMLtaNP.s:386    .rodata._ZTI9rtcObject:00000000 $d
     /tmp/ccMLtaNP.s:398    .rodata._ZTV9rtcObject:00000000 _ZTV9rtcObject
     /tmp/ccMLtaNP.s:395    .rodata._ZTV9rtcObject:00000000 $d
     /tmp/ccMLtaNP.s:403    .rodata:00000000 $d

UNDEFINED SYMBOLS
memset
HAL_RTC_SetAlarm_IT
_Z13Error_Handlerv
__aeabi_unwind_cpp_pr0
_ZTVN10__cxxabiv117__class_type_infoE
_ZTVN10__cxxabiv120__si_class_type_infoE
